<?xml version="1.0" encoding="UTF-8"?>
<!-- Generated by org.testng.reporters.JUnitXMLReporter -->
<testsuite ignored="1" hostname="DESKTOP-J3R40NR" failures="0" tests="2" name="Default test" time="149.089" errors="0" timestamp="2021-06-09T12:33:12 IST">
  <testcase classname="org.cyient.test.LoginTest" name="validCredentialTest" time="34.231"/>
  <testcase classname="org.cyient.test.LoginTest" name="validCredentialTest" time="62.761"/>
  <testcase classname="org.cyient.test.LoginTest" name="invalidCredintialTest" time="0.0">
    <ignored/>
  </testcase> <!-- invalidCredintialTest -->
</testsuite> <!-- Default test -->
