<?xml version="1.0" encoding="UTF-8"?>
<!-- Generated by org.testng.reporters.JUnitXMLReporter -->
<testsuite ignored="1" hostname="DESKTOP-J3R40NR" failures="0" tests="2" name="Default test" time="73.186" errors="0" timestamp="2021-06-08T12:49:24 IST">
  <testcase classname="org.cyient.openemrtest.LoginTest" name="invalidCredintialTest" time="2.32"/>
  <testcase classname="org.cyient.openemrtest.LoginTest" name="invalidCredintialTest" time="2.053"/>
  <testcase classname="org.cyient.openemrtest.LoginTest" name="validCredentialTest" time="0.0">
    <ignored/>
  </testcase> <!-- validCredentialTest -->
</testsuite> <!-- Default test -->
