<?xml version="1.0" encoding="UTF-8"?>
<testng-results ignored="1" total="3" passed="2" failed="0" skipped="0">
  <reporter-output>
  </reporter-output>
  <suite started-at="2021-06-08T12:48:10 IST" name="Default suite" finished-at="2021-06-08T12:49:24 IST" duration-ms="73186">
    <groups>
    </groups>
    <test started-at="2021-06-08T12:48:10 IST" name="Default test" finished-at="2021-06-08T12:49:24 IST" duration-ms="73186">
      <class name="org.cyient.openemrtest.LoginTest">
        <test-method is-config="true" signature="setup()[pri:0, instance:org.cyient.openemrtest.LoginTest@770d3326]" started-at="2021-06-08T12:48:10 IST" name="setup" finished-at="2021-06-08T12:48:42 IST" duration-ms="31174" status="PASS">
          <reporter-output>
          </reporter-output>
        </test-method> <!-- setup -->
        <test-method signature="invalidCredintialTest(java.lang.String,java.lang.String,java.lang.String,java.lang.String)[pri:0, instance:org.cyient.openemrtest.LoginTest@770d3326]" started-at="2021-06-08T12:48:42 IST" name="invalidCredintialTest" data-provider="invalidCredentialData" finished-at="2021-06-08T12:48:44 IST" duration-ms="2320" status="PASS">
          <params>
            <param index="0">
              <value>
                <![CDATA[john]]>
              </value>
            </param>
            <param index="1">
              <value>
                <![CDATA[john123]]>
              </value>
            </param>
            <param index="2">
              <value>
                <![CDATA[Dutch]]>
              </value>
            </param>
            <param index="3">
              <value>
                <![CDATA[Invalid username or password]]>
              </value>
            </param>
          </params>
          <reporter-output>
          </reporter-output>
        </test-method> <!-- invalidCredintialTest -->
        <test-method is-config="true" signature="teardown()[pri:0, instance:org.cyient.openemrtest.LoginTest@770d3326]" started-at="2021-06-08T12:48:44 IST" name="teardown" finished-at="2021-06-08T12:48:45 IST" duration-ms="1063" status="PASS">
          <reporter-output>
          </reporter-output>
        </test-method> <!-- teardown -->
        <test-method is-config="true" signature="setup()[pri:0, instance:org.cyient.openemrtest.LoginTest@770d3326]" started-at="2021-06-08T12:48:45 IST" name="setup" finished-at="2021-06-08T12:49:21 IST" duration-ms="35510" status="PASS">
          <reporter-output>
          </reporter-output>
        </test-method> <!-- setup -->
        <test-method signature="invalidCredintialTest(java.lang.String,java.lang.String,java.lang.String,java.lang.String)[pri:0, instance:org.cyient.openemrtest.LoginTest@770d3326]" started-at="2021-06-08T12:49:21 IST" name="invalidCredintialTest" data-provider="invalidCredentialData" finished-at="2021-06-08T12:49:23 IST" duration-ms="2053" status="PASS">
          <params>
            <param index="0">
              <value>
                <![CDATA[peter]]>
              </value>
            </param>
            <param index="1">
              <value>
                <![CDATA[peter123]]>
              </value>
            </param>
            <param index="2">
              <value>
                <![CDATA[German]]>
              </value>
            </param>
            <param index="3">
              <value>
                <![CDATA[Invalid username or password]]>
              </value>
            </param>
          </params>
          <reporter-output>
          </reporter-output>
        </test-method> <!-- invalidCredintialTest -->
        <test-method is-config="true" signature="teardown()[pri:0, instance:org.cyient.openemrtest.LoginTest@770d3326]" started-at="2021-06-08T12:49:23 IST" name="teardown" finished-at="2021-06-08T12:49:24 IST" duration-ms="962" status="PASS">
          <reporter-output>
          </reporter-output>
        </test-method> <!-- teardown -->
      </class> <!-- org.cyient.openemrtest.LoginTest -->
    </test> <!-- Default test -->
  </suite> <!-- Default suite -->
</testng-results>
