<?xml version="1.0" encoding="UTF-8"?>
<testng-results ignored="1" total="3" passed="2" failed="0" skipped="0">
  <reporter-output>
  </reporter-output>
  <suite started-at="2021-06-09T12:30:42 IST" name="Default suite" finished-at="2021-06-09T12:33:12 IST" duration-ms="149089">
    <groups>
    </groups>
    <test started-at="2021-06-09T12:30:42 IST" name="Default test" finished-at="2021-06-09T12:33:12 IST" duration-ms="149089">
      <class name="org.cyient.test.LoginTest">
        <test-method is-config="true" signature="setup()[pri:0, instance:org.cyient.test.LoginTest@7e5afaa6]" started-at="2021-06-09T12:31:12 IST" name="setup" finished-at="2021-06-09T12:31:23 IST" duration-ms="11841" status="PASS">
          <reporter-output>
          </reporter-output>
        </test-method> <!-- setup -->
        <test-method signature="validCredentialTest(java.lang.String,java.lang.String,java.lang.String,java.lang.String)[pri:0, instance:org.cyient.test.LoginTest@7e5afaa6]" started-at="2021-06-09T12:31:23 IST" name="validCredentialTest" data-provider="validCredentialExcelData" finished-at="2021-06-09T12:31:58 IST" duration-ms="34231" status="PASS">
          <params>
            <param index="0">
              <value>
                <![CDATA[admin]]>
              </value>
            </param>
            <param index="1">
              <value>
                <![CDATA[pass]]>
              </value>
            </param>
            <param index="2">
              <value>
                <![CDATA[English (Indian)]]>
              </value>
            </param>
            <param index="3">
              <value>
                <![CDATA[OpenEMR]]>
              </value>
            </param>
          </params>
          <reporter-output>
          </reporter-output>
        </test-method> <!-- validCredentialTest -->
        <test-method is-config="true" signature="teardown()[pri:0, instance:org.cyient.test.LoginTest@7e5afaa6]" started-at="2021-06-09T12:31:58 IST" name="teardown" finished-at="2021-06-09T12:31:59 IST" duration-ms="1098" status="PASS">
          <reporter-output>
          </reporter-output>
        </test-method> <!-- teardown -->
        <test-method is-config="true" signature="setup()[pri:0, instance:org.cyient.test.LoginTest@7e5afaa6]" started-at="2021-06-09T12:31:59 IST" name="setup" finished-at="2021-06-09T12:32:08 IST" duration-ms="8910" status="PASS">
          <reporter-output>
          </reporter-output>
        </test-method> <!-- setup -->
        <test-method signature="validCredentialTest(java.lang.String,java.lang.String,java.lang.String,java.lang.String)[pri:0, instance:org.cyient.test.LoginTest@7e5afaa6]" started-at="2021-06-09T12:32:08 IST" name="validCredentialTest" data-provider="validCredentialExcelData" finished-at="2021-06-09T12:33:10 IST" duration-ms="62761" status="PASS">
          <params>
            <param index="0">
              <value>
                <![CDATA[accountant]]>
              </value>
            </param>
            <param index="1">
              <value>
                <![CDATA[accountant]]>
              </value>
            </param>
            <param index="2">
              <value>
                <![CDATA[English (Indian)]]>
              </value>
            </param>
            <param index="3">
              <value>
                <![CDATA[OpenEMR]]>
              </value>
            </param>
          </params>
          <reporter-output>
          </reporter-output>
        </test-method> <!-- validCredentialTest -->
        <test-method is-config="true" signature="teardown()[pri:0, instance:org.cyient.test.LoginTest@7e5afaa6]" started-at="2021-06-09T12:33:10 IST" name="teardown" finished-at="2021-06-09T12:33:12 IST" duration-ms="1092" status="PASS">
          <reporter-output>
          </reporter-output>
        </test-method> <!-- teardown -->
      </class> <!-- org.cyient.test.LoginTest -->
    </test> <!-- Default test -->
  </suite> <!-- Default suite -->
</testng-results>
